2020-11-26 16:50:29,032 DEBUG [main] BasicClientConnectionManager:161 - Get connection for route {}->http://dummy.restapiexample.com:80
2020-11-26 16:50:29,035 DEBUG [main] DefaultClientConnectionOperator:177 - Connecting to dummy.restapiexample.com:80
2020-11-26 16:50:29,192 DEBUG [main] RequestAddCookies:123 - CookieSpec selected: ignoreCookies
2020-11-26 16:50:29,194 DEBUG [main] RequestAuthCache:77 - Auth cache not set in the context
2020-11-26 16:50:29,195 DEBUG [main] RequestTargetAuthentication:80 - Target auth state: UNCHALLENGED
2020-11-26 16:50:29,196 DEBUG [main] RequestProxyAuthentication:89 - Proxy auth state: UNCHALLENGED
2020-11-26 16:50:29,197 DEBUG [main] DefaultHttpClient:682 - Attempt 1 to execute request
2020-11-26 16:50:29,198 DEBUG [main] DefaultClientConnection:274 - Sending request: GET /api/v1/employees HTTP/1.1
2020-11-26 16:50:29,199 DEBUG [main] wire:73 -  >> "GET /api/v1/employees HTTP/1.1[\r][\n]"
2020-11-26 16:50:29,200 DEBUG [main] wire:73 -  >> "Accept: */*[\r][\n]"
2020-11-26 16:50:29,201 DEBUG [main] wire:73 -  >> "Host: dummy.restapiexample.com[\r][\n]"
2020-11-26 16:50:29,202 DEBUG [main] wire:73 -  >> "Connection: Keep-Alive[\r][\n]"
2020-11-26 16:50:29,204 DEBUG [main] wire:73 -  >> "User-Agent: Apache-HttpClient/4.5.3 (Java/15.0.1)[\r][\n]"
2020-11-26 16:50:29,205 DEBUG [main] wire:73 -  >> "Accept-Encoding: gzip,deflate[\r][\n]"
2020-11-26 16:50:29,206 DEBUG [main] wire:73 -  >> "[\r][\n]"
2020-11-26 16:50:29,207 DEBUG [main] headers:278 - >> GET /api/v1/employees HTTP/1.1
2020-11-26 16:50:29,207 DEBUG [main] headers:281 - >> Accept: */*
2020-11-26 16:50:29,207 DEBUG [main] headers:281 - >> Host: dummy.restapiexample.com
2020-11-26 16:50:29,208 DEBUG [main] headers:281 - >> Connection: Keep-Alive
2020-11-26 16:50:29,209 DEBUG [main] headers:281 - >> User-Agent: Apache-HttpClient/4.5.3 (Java/15.0.1)
2020-11-26 16:50:29,210 DEBUG [main] headers:281 - >> Accept-Encoding: gzip,deflate
2020-11-26 16:50:29,329 DEBUG [main] wire:73 -  << "HTTP/1.1 200 OK[\r][\n]"
2020-11-26 16:50:29,331 DEBUG [main] wire:73 -  << "Access-Control-Allow-Origin: *[\r][\n]"
2020-11-26 16:50:29,332 DEBUG [main] wire:73 -  << "Access-Control-Expose-Headers: Content-Type, X-Requested-With, X-authentication, X-client[\r][\n]"
2020-11-26 16:50:29,333 DEBUG [main] wire:73 -  << "Cache-Control: max-age=31536000[\r][\n]"
2020-11-26 16:50:29,334 DEBUG [main] wire:73 -  << "Content-Encoding: gzip[\r][\n]"
2020-11-26 16:50:29,335 DEBUG [main] wire:73 -  << "Content-Type: application/json;charset=utf-8[\r][\n]"
2020-11-26 16:50:29,335 DEBUG [main] wire:73 -  << "Date: Thu, 26 Nov 2020 11:30:07 GMT[\r][\n]"
2020-11-26 16:50:29,336 DEBUG [main] wire:73 -  << "Display: staticcontent_sol[\r][\n]"
2020-11-26 16:50:29,337 DEBUG [main] wire:73 -  << "Referrer-Policy: [\r][\n]"
2020-11-26 16:50:29,338 DEBUG [main] wire:73 -  << "Response: 200[\r][\n]"
2020-11-26 16:50:29,339 DEBUG [main] wire:73 -  << "Server: nginx/1.16.0[\r][\n]"
2020-11-26 16:50:29,340 DEBUG [main] wire:73 -  << "Vary: Accept-Encoding[\r][\n]"
2020-11-26 16:50:29,341 DEBUG [main] wire:73 -  << "Vary: Accept-Encoding,User-Agent,Origin[\r][\n]"
2020-11-26 16:50:29,342 DEBUG [main] wire:73 -  << "X-Ezoic-Cdn: Hit ds;mm;64e5dcd8fd074fe044e20470a9643699;2-133674-2;11eea874-25cc-4a8a-4a7a-e7fd9bafe9d8[\r][\n]"
2020-11-26 16:50:29,343 DEBUG [main] wire:73 -  << "X-Middleton-Display: staticcontent_sol[\r][\n]"
2020-11-26 16:50:29,344 DEBUG [main] wire:73 -  << "X-Middleton-Response: 200[\r][\n]"
2020-11-26 16:50:29,345 DEBUG [main] wire:73 -  << "X-Sol: pub_site[\r][\n]"
2020-11-26 16:50:29,346 DEBUG [main] wire:73 -  << "Content-Length: 595[\r][\n]"
2020-11-26 16:50:29,347 DEBUG [main] wire:73 -  << "[\r][\n]"
2020-11-26 16:50:29,349 DEBUG [main] DefaultClientConnection:259 - Receiving response: HTTP/1.1 200 OK
2020-11-26 16:50:29,349 DEBUG [main] headers:262 - << HTTP/1.1 200 OK
2020-11-26 16:50:29,350 DEBUG [main] headers:265 - << Access-Control-Allow-Origin: *
2020-11-26 16:50:29,351 DEBUG [main] headers:265 - << Access-Control-Expose-Headers: Content-Type, X-Requested-With, X-authentication, X-client
2020-11-26 16:50:29,352 DEBUG [main] headers:265 - << Cache-Control: max-age=31536000
2020-11-26 16:50:29,353 DEBUG [main] headers:265 - << Content-Encoding: gzip
2020-11-26 16:50:29,354 DEBUG [main] headers:265 - << Content-Type: application/json;charset=utf-8
2020-11-26 16:50:29,355 DEBUG [main] headers:265 - << Date: Thu, 26 Nov 2020 11:30:07 GMT
2020-11-26 16:50:29,356 DEBUG [main] headers:265 - << Display: staticcontent_sol
2020-11-26 16:50:29,357 DEBUG [main] headers:265 - << Referrer-Policy: 
2020-11-26 16:50:29,358 DEBUG [main] headers:265 - << Response: 200
2020-11-26 16:50:29,358 DEBUG [main] headers:265 - << Server: nginx/1.16.0
2020-11-26 16:50:29,359 DEBUG [main] headers:265 - << Vary: Accept-Encoding
2020-11-26 16:50:29,360 DEBUG [main] headers:265 - << Vary: Accept-Encoding,User-Agent,Origin
2020-11-26 16:50:29,361 DEBUG [main] headers:265 - << X-Ezoic-Cdn: Hit ds;mm;64e5dcd8fd074fe044e20470a9643699;2-133674-2;11eea874-25cc-4a8a-4a7a-e7fd9bafe9d8
2020-11-26 16:50:29,363 DEBUG [main] headers:265 - << X-Middleton-Display: staticcontent_sol
2020-11-26 16:50:29,364 DEBUG [main] headers:265 - << X-Middleton-Response: 200
2020-11-26 16:50:29,365 DEBUG [main] headers:265 - << X-Sol: pub_site
2020-11-26 16:50:29,366 DEBUG [main] headers:265 - << Content-Length: 595
2020-11-26 16:50:29,368 DEBUG [main] DefaultHttpClient:509 - Connection can be kept alive indefinitely
2020-11-26 16:50:29,369 DEBUG [main] RequestSpecificationImpl$RestAssuredHttpBuilder:545 - Parsing response as: application/json;charset=utf-8
2020-11-26 16:50:29,371 DEBUG [main] wire:73 -  << "[0x1f][0x8b][0x8][0x0][0x0][0x0][0x0][0x0][0x0][0xff][0x9c][0x95][0xcd]n[0xdb]:[0x14][0x84]_[0x85][0xe0]:[0xb][0x89][0xd4][0x8f][0xed][0xdd][0xb5][0x83]8[0xb8]i[0x8a]6[0x9][0x1a][0x14]E[0x11][0x1c]X[0xa7]1Q[0x9a]4[0x8e][0xa8]4j[0x90]w/[0x8c]v[0x91][0xc5][0x88]B[0xbb][0xb5]`}[0x18]r[0xe6][0xd3][0x8b][0xee][0x13][0xa5][0xa1][0xd7]+[0xdd][0xf][0xbb][0x1d][0xf7][0xbd]>[0xd3][0x1d]%[0xd2][0xab]//[0xda]uz[0xa5]K}[0xa6][0xf9]p[0xf4]qd~[0x8]t`[0xbd][0xd2]w[0xee][0x91]E[0xbd]w[0xcf]1[0xbc]}[0xda][0x93]'[0x19][0xf5]J[S,[0x8a][0xe2][0xed]#z<[0xfd][0xaf]9[0xbd][0xec]([0xf1][0x9b][0xf3][0xfc][0xe0][0xe][0xbf][0xd4][0xaf]gP[0x6][0xa0][0xb6]$[0xc2])[0xa9]{[0x17][0x12]K[0xf]qe[[0xb4]5[0xc2][0xd9],[0xce][0x2][0xdc][0xfd]>[0xc5][0xa0]6[0xf1][0x19][0x92][0x16]M[0x1]s5YP[0x5]@[0x1b][0xee][0xc4][0xed][0xd4][0x15]{?BTem[0xd1][0x0][0x96]1YV[0x8d]B9q[0xea][0x96]R[0x1c][0xf0][0xf1]5[0xa6]E[0xa9]l[0xfe][0xf8][0x1a]@Z[0x8b]c[0xef]Y[0xdd];[0xef][0x1d][0x1d][0xfa][0xa9]~[0xb4][0x6][0x9f]c[0xbe][0x1f]- ^[0xb2]H[0xec][0xd4]fO[0xa1][0xf3],8[0xa0]mk[0x84][0xab][0x97]Y[0xdc][0x2][0xe0]n[0xf6]1[0x90]:[0xa7]'[0xd7]M[0x86]3[0xed][0x12][0xd2][0xea],m[0x89]J[0x12][0xbd]g[0xe][0xea]r[0x90]>A[0x98])j[0x18][0xcd][0xe6][0xa3][0x95][0x5][0xa0][0xdd][0xc6]0[0x92][0xba][0x90]8[0xc1]*[0xb][0xdb] [0x96][0xc9][0xf7][0xa4]D[0x6][0xf9][0x9f][0x3][0xa9]-[0xb9][0xc0]x[0xd2][0xcb][0xa2]F[0xe5][0xb7]E[0x1e][0x85][0xc][0xf2]qp![0xa8][0xb]?[0x86][0x89][0xfb][0xaa]p[0x19]g[0x86]V"}l[0xf6]$[0x1d][0xab]k[0x92]~O[0xde][0xe3]a[0xb7][0x5]<F[0x9b][0x97]H[0x89],rI[0x9e]Gu[0xc5]!p[0x87]5bK[0xb][0xb]R[0xcd]\[0x1a][0xf2][0xc8][0x1d][0xa5][0x91][0x2][0xa9][0xb][0x97]~[0x1e])[0x89][0xdb]}[0xc7][0xcc]E[\r]}\[0xce][0x94][0x12][0x19][0xe5][0xda][0xed][0xf6][0xc4]^[0xdd]:[0xff]D[0xb8][0x96][0xcb][0x5]L8#[0xe5][0x12][0xd9][0xe4][0x3][\r]^[0xad]G[0xe9] [0xa9]55[0xd6]V[0x95]'![0x91]l}[0x14]G[0xea][0x9d]K[0xc9]3[0x9e][0xf6][0xbf]Y[0xab]D"Y[0xb]u[0xa7][0xa6]l[0x85]'[0x1d][0x89]WP[0xcd]|[0xb2][0x91]H[0xce][0xc9][0xa9][0x1b][0x17][0xf1][0xb2]M[0x89]c[0xd9][0xbc][0x1e][0xcd][0x84]E8%V[0x1b][0xf2][0xdd][0xf][0x9e][0xd8][0x9b][0xad][0xf0][0xad][0xcd][0xb8][0xc4] [0x97]|[0x1e][0xc4][0xa9]5[0x8b][0xe0][0xb1]5-FU3([0xa8][0x12][0xe2][0x9e]D}[0xa2][0xb0][0xc3][0xfd]([0x8b][0xa6]B+337[0x86]<r[0x1e][0xc5][0xf5][0xa7][0xaf]v7Q[0x8f]E[0xfd]7[0xea][0xff][0xfa][0xfa]+[0x0][0x0][0xff][0xff]8n[0xc9]gY[\n]"
2020-11-26 16:50:29,372 DEBUG [main] wire:87 -  << "[0x0][0x0]"
2020-11-26 16:50:29,374 DEBUG [main] RequestSpecificationImpl$RestAssuredHttpBuilder:548 - Parsed data to instance of: class org.apache.http.conn.EofSensorInputStream
2020-11-26 16:50:29,441 DEBUG [main] BasicClientConnectionManager:200 - Releasing connection org.apache.http.impl.conn.ManagedClientConnectionImpl@7b27e8f4
2020-11-26 16:50:29,443 DEBUG [main] BasicClientConnectionManager:225 - Connection can be kept alive indefinitely
2020-11-26 16:50:29,542 DEBUG [Finalizer] DefaultClientConnection:180 - Connection 0.0.0.0:63572<->104.27.134.11:443 closed
2020-11-26 16:50:29,543 DEBUG [Finalizer] DefaultClientConnection:180 - Connection 0.0.0.0:63571<->3.6.18.84:80 closed
2020-11-26 16:50:29,545 DEBUG [Finalizer] DefaultClientConnection:180 - Connection 0.0.0.0:63573<->3.6.18.84:80 closed
2020-11-26 16:50:31,893 DEBUG [main] BasicClientConnectionManager:161 - Get connection for route {}->http://dummy.restapiexample.com:80
2020-11-26 16:50:31,895 DEBUG [main] DefaultClientConnectionOperator:177 - Connecting to dummy.restapiexample.com:80
2020-11-26 16:50:32,059 DEBUG [main] RequestAddCookies:123 - CookieSpec selected: ignoreCookies
2020-11-26 16:50:32,060 DEBUG [main] RequestAuthCache:77 - Auth cache not set in the context
2020-11-26 16:50:32,061 DEBUG [main] RequestTargetAuthentication:80 - Target auth state: UNCHALLENGED
2020-11-26 16:50:32,062 DEBUG [main] RequestProxyAuthentication:89 - Proxy auth state: UNCHALLENGED
2020-11-26 16:50:32,064 DEBUG [main] DefaultHttpClient:682 - Attempt 1 to execute request
2020-11-26 16:50:32,065 DEBUG [main] DefaultClientConnection:274 - Sending request: DELETE /api/v1/delete/null HTTP/1.1
2020-11-26 16:50:32,066 DEBUG [main] wire:73 -  >> "DELETE /api/v1/delete/null HTTP/1.1[\r][\n]"
2020-11-26 16:50:32,067 DEBUG [main] wire:73 -  >> "Accept: */*[\r][\n]"
2020-11-26 16:50:32,068 DEBUG [main] wire:73 -  >> "Host: dummy.restapiexample.com[\r][\n]"
2020-11-26 16:50:32,069 DEBUG [main] wire:73 -  >> "Connection: Keep-Alive[\r][\n]"
2020-11-26 16:50:32,070 DEBUG [main] wire:73 -  >> "User-Agent: Apache-HttpClient/4.5.3 (Java/15.0.1)[\r][\n]"
2020-11-26 16:50:32,071 DEBUG [main] wire:73 -  >> "Accept-Encoding: gzip,deflate[\r][\n]"
2020-11-26 16:50:32,072 DEBUG [main] wire:73 -  >> "[\r][\n]"
2020-11-26 16:50:32,073 DEBUG [main] headers:278 - >> DELETE /api/v1/delete/null HTTP/1.1
2020-11-26 16:50:32,074 DEBUG [main] headers:281 - >> Accept: */*
2020-11-26 16:50:32,075 DEBUG [main] headers:281 - >> Host: dummy.restapiexample.com
2020-11-26 16:50:32,076 DEBUG [main] headers:281 - >> Connection: Keep-Alive
2020-11-26 16:50:32,077 DEBUG [main] headers:281 - >> User-Agent: Apache-HttpClient/4.5.3 (Java/15.0.1)
2020-11-26 16:50:32,078 DEBUG [main] headers:281 - >> Accept-Encoding: gzip,deflate
2020-11-26 16:50:33,409 DEBUG [main] wire:73 -  << "HTTP/1.1 429 Too Many Requests[\r][\n]"
2020-11-26 16:50:33,412 DEBUG [main] wire:73 -  << "Content-Encoding: gzip[\r][\n]"
2020-11-26 16:50:33,415 DEBUG [main] wire:73 -  << "Content-Type: text/html; charset=UTF-8[\r][\n]"
2020-11-26 16:50:33,417 DEBUG [main] wire:73 -  << "Date: Thu, 26 Nov 2020 11:30:11 GMT[\r][\n]"
2020-11-26 16:50:33,420 DEBUG [main] wire:73 -  << "Display: staticcontent_sol[\r][\n]"
2020-11-26 16:50:33,423 DEBUG [main] wire:73 -  << "Expires: Wed, 25 Nov 2020 11:30:11 GMT[\r][\n]"
2020-11-26 16:50:33,426 DEBUG [main] wire:73 -  << "Host-Header: c2hhcmVkLmJsdWVob3N0LmNvbQ==[\r][\n]"
2020-11-26 16:50:33,428 DEBUG [main] wire:73 -  << "Pagespeed: off[\r][\n]"
2020-11-26 16:50:33,431 DEBUG [main] wire:73 -  << "Referrer-Policy: [\r][\n]"
2020-11-26 16:50:33,433 DEBUG [main] wire:73 -  << "Response: 429[\r][\n]"
2020-11-26 16:50:33,436 DEBUG [main] wire:73 -  << "Retry-After: 36[\r][\n]"
2020-11-26 16:50:33,438 DEBUG [main] wire:73 -  << "Server: nginx/1.16.0[\r][\n]"
2020-11-26 16:50:33,441 DEBUG [main] wire:73 -  << "Vary: Accept-Encoding[\r][\n]"
2020-11-26 16:50:33,445 DEBUG [main] wire:73 -  << "Vary: Accept-Encoding,Origin[\r][\n]"
2020-11-26 16:50:33,447 DEBUG [main] wire:73 -  << "X-Ezoic-Cdn: Miss[\r][\n]"
2020-11-26 16:50:33,449 DEBUG [main] wire:73 -  << "X-Middleton-Display: staticcontent_sol[\r][\n]"
2020-11-26 16:50:33,451 DEBUG [main] wire:73 -  << "X-Middleton-Response: 429[\r][\n]"
2020-11-26 16:50:33,452 DEBUG [main] wire:73 -  << "X-Ratelimit-Limit: 60[\r][\n]"
2020-11-26 16:50:33,453 DEBUG [main] wire:73 -  << "X-Ratelimit-Remaining: 57[\r][\n]"
2020-11-26 16:50:33,454 DEBUG [main] wire:73 -  << "X-Ratelimit-Reset: 1606390247[\r][\n]"
2020-11-26 16:50:33,455 DEBUG [main] wire:73 -  << "X-Sol: pub_site[\r][\n]"
2020-11-26 16:50:33,457 DEBUG [main] wire:73 -  << "Transfer-Encoding: chunked[\r][\n]"
2020-11-26 16:50:33,458 DEBUG [main] wire:73 -  << "[\r][\n]"
2020-11-26 16:50:33,459 DEBUG [main] DefaultClientConnection:259 - Receiving response: HTTP/1.1 429 Too Many Requests
2020-11-26 16:50:33,460 DEBUG [main] headers:262 - << HTTP/1.1 429 Too Many Requests
2020-11-26 16:50:33,461 DEBUG [main] headers:265 - << Content-Encoding: gzip
2020-11-26 16:50:33,462 DEBUG [main] headers:265 - << Content-Type: text/html; charset=UTF-8
2020-11-26 16:50:33,464 DEBUG [main] headers:265 - << Date: Thu, 26 Nov 2020 11:30:11 GMT
2020-11-26 16:50:33,465 DEBUG [main] headers:265 - << Display: staticcontent_sol
2020-11-26 16:50:33,466 DEBUG [main] headers:265 - << Expires: Wed, 25 Nov 2020 11:30:11 GMT
2020-11-26 16:50:33,467 DEBUG [main] headers:265 - << Host-Header: c2hhcmVkLmJsdWVob3N0LmNvbQ==
2020-11-26 16:50:33,468 DEBUG [main] headers:265 - << Pagespeed: off
2020-11-26 16:50:33,469 DEBUG [main] headers:265 - << Referrer-Policy: 
2020-11-26 16:50:33,469 DEBUG [main] headers:265 - << Response: 429
2020-11-26 16:50:33,470 DEBUG [main] headers:265 - << Retry-After: 36
2020-11-26 16:50:33,471 DEBUG [main] headers:265 - << Server: nginx/1.16.0
2020-11-26 16:50:33,472 DEBUG [main] headers:265 - << Vary: Accept-Encoding
2020-11-26 16:50:33,473 DEBUG [main] headers:265 - << Vary: Accept-Encoding,Origin
2020-11-26 16:50:33,474 DEBUG [main] headers:265 - << X-Ezoic-Cdn: Miss
2020-11-26 16:50:33,475 DEBUG [main] headers:265 - << X-Middleton-Display: staticcontent_sol
2020-11-26 16:50:33,476 DEBUG [main] headers:265 - << X-Middleton-Response: 429
2020-11-26 16:50:33,477 DEBUG [main] headers:265 - << X-Ratelimit-Limit: 60
2020-11-26 16:50:33,478 DEBUG [main] headers:265 - << X-Ratelimit-Remaining: 57
2020-11-26 16:50:33,479 DEBUG [main] headers:265 - << X-Ratelimit-Reset: 1606390247
2020-11-26 16:50:33,480 DEBUG [main] headers:265 - << X-Sol: pub_site
2020-11-26 16:50:33,481 DEBUG [main] headers:265 - << Transfer-Encoding: chunked
2020-11-26 16:50:33,482 DEBUG [main] DefaultHttpClient:509 - Connection can be kept alive indefinitely
2020-11-26 16:50:33,485 DEBUG [main] RequestSpecificationImpl$RestAssuredHttpBuilder:545 - Parsing response as: text/html; charset=UTF-8
2020-11-26 16:50:33,486 DEBUG [main] wire:73 -  << "800[\r][\n]"
2020-11-26 16:50:33,487 DEBUG [main] wire:73 -  << "[0x1f][0x8b][0x8][0x0][0x0][0x0][0x0][0x0][0x0][0xff][0xc4]|}s[0xdb]6[0xd2][0xf8][0xdf][0xd5][0xa7][0xa0]q3&YQ[0xb4]d;NB[0x85][0xf6][0xb8][0xb1]{[0xe7][0xdf][0xf5][0xd2]N[0xe2][0xdc][0xcd][0xfd]<~8[0x10][0xb9][0x92][0x90]P[0x4][0xb]@[0x92]e[[0xdf][0xfd][0x19][0x0]|'e;i[0x9f][0xbb][0xb4]#[0x91][0x8b][0xc5][0xee]b[0xb1]oXR~[0xb7]w[0xf1][0xeb][0xfb][0xeb][0xff]vi[0xcc][0xc5]">[0xed][0xbd][0x93]_F[0x8c][0x93][0x99][0x8f] A[0xa7]=[0xc3]0[0x8c]ws[0xc0][0xd1][0xe9][0xbb][0x5][0x8]l[0x84]s[0xcc]8[0x8][0x1f]-[0xc5]t[0xf0][0x6][0x9d][0xf6][0xde][0xf1][0x90][0x91]T[0x18][0x11][0x16]x[0x0][0xf7]<dp[0xe7][0x9b]S[0x1c]s050[0x9c]b[0xbe]I[0xc2]:0[0xc5]3[0xe0])@4H[0xe8] [0x82])[0xb0][0xd3][0x15]fF[0x10][0xc0][0xbd]/?[0x1e][0x1f][0x1f][0xb6]cy[0xe1]r[0xb1][0xe0][0xfe][0x5][0x16][0xe0]&tm[0xd9][0x1a][0x8]+[0xe1][0x17][0x8]J[0x80][0xe2]6[0xfc][0xea]g[0xdf]%[\r][0x1][0x8b]4[0xc6][0x2][0xfc]&[0xc0]%[0xfc]WFf[0xbe][0x12]M[0xf][0xfd][0xbe][0x84]%[0xf8][0xd6]t[0x99][0x84][0x82][0xd0][0xc4][0xb2][0x1f][0xa4]`!]&[0xc2][0x1f]:$[0x9][0x99][0xfc][0x12][0xb0][0xe0][0xfe][0xcd][0xad]#[0xc8][0x2]. [0xc6][0x9b][0x9f][0x9][0x83]H[0xd3]q[0xe6][0xe9]U>[0x1e][0x97][0x97]8[0x8e][0xe9][0xfa][0x17][0x8a]#_[0xb0]%[0x8c]%U:[0xf9][0xe2]?HN^[0xc1].[0xc1][0xb]p[0xe4][0xdd][0x7]y[0x91]b[0x86][0x17] [0x80]q[0x87][0xf0][0x9f]b[0x1a]~u&[0xf2][0x13][0xa2][0x9f]6N[0x4]1[0x8][0xf8][0xd7][0x1c][0x92][0xf7]t[0x91][0xca]k'e4[0x4][0x88][0xae][0xa6][0x97][0x8c]Q[0xa6]E[0xe7][0x10]O}1'|,?\[0xc9][0xc0][0x97][0x1f][0xfa]6g[0xe5][0xe7][0x17][0x1a]\2[0xf6]+[0x97][0xbe][0x9f],[0xe3][0xf8]L~xV[0x9]7H[0xc2][0x5]NB[0xa0]S[0xe3][0x9c]1[0xbc][0xb1][0xcf][0xca]A[0xef][0xa6][0xbc][0xbe][0xd5][0xc4][0xb3][0xa5][0xf8][0xd9][0xb7][0x6][0x16][0xeb][0xf2][0x8b]+=[0xd0]^[0xa6][0xdf][0x6][0xe5][0x84][0xd5][0xba][0xb3][0xed][0xcc]@[0xc5][0xac][0x1a][0xf4]*![0x82][0xe0][0x98][0xdc][0xe7][0xbb][0x96][0xad][0xbb][0xa6]@[0xbf]~[0x9b][0xcf][0xbd][0xce]7[0xbd]5[0x93]s[0xbf]b81[0x9d]Y[0xc8]u]C[0xc2][0xc][0xdf]@}[0xa9]w{,w[0xa4]![0x82]2[0x89][0xc]^[0x8][0xac][0x80]5".N[0xd3]x[0xe3][0x15][0x94][0xe4][0xfe]J8[0xf7][0xd5][0xdc]|[0xf]][0x9e][0xc6]DX[0xa6]k[0x96](j[0xeb][0xc6]d[0xaa],[0x9b][0xbb]1$31?=[0xb2][0x1f][0xb6][0x10]s0[0x1a][0x3][0xbe][0xef][0x1f][0xd9][0xca]4[0xfd]5I"[0xba][0xbe]Q[0xa3]7[0xc3][0xdb][0xdb][0xec]jT\[0x1d][0xde][0xde][0x8e]w[0x11]9|[0x96][0x88][0x9e]Z[0xc3][0xaa][0xad][0xe5]v[0xbc][0xed][0x91][0xa9]%6[0xa9]4/[0x9][0xdd][0xf3]}s[0x99]D0%[0x9]D[0xe6][0xfe]~[0x6][0x93][0xeb][0xd3][0xdc][0xb4][0x96],[0x9]p[0x1a][0xd6]lkj[0x8a]C[0x87]a[0xf9]J[0xe7][0xb6][0x1e]1[0x94][0x97][0xdf]$J[0x88]|Rn[0xbb][0x19][0xa6][0xde][0xe3][0x81][0xfc]g[0xfc]l^[0xc8][0x9d]Qhz{2[0x9b]8[0x8f]c[0xcb][0x1e]o[0xb7][gJbh[0xf8]z[0x8a][0xc5][0xbc][0xc3][0xb9]U[0xcc]tTd[0xfc][0xe][0xaf][0x96]D}[0xf9][0xa1]ou[0x0]V[0x9f][0xb9]OM[0x81][0xf9][0xea][0xf3]{\r[0xa7][0xfb][0xbc][0xd8][0x1][0xff]T?[0xdb][0xe5]O[0xa5][0xeb][0x90][0x18]*[0xfe][0xa7][0xf4][0x17]2?[0xa2][0xe1]r[0x1][0x89]pC[0x6]X[0xc0]e[0xc][0xf2][0xce]2uF1[0xed]1[0xf][0x99][0xcb]Y[0xa8]5I[0xa6][0x96][0xd6]c[0xb6][0xf5]rP[0x3][0x14][0xb3][0xdc][0x1][0xb4]j+8[0x1a][0xa0][0x1d]<d.M@[0xab][0xa8][0x11]'[0xb4][\r]]~[0xfc][0xd8][0xb2][0xa2]lyZS[0x8a][0xce].cl[0xd8][[0xc6][0x8f][0x1][0x8e]6\`[0x1][0xe1][0x1c]'3[0xf0]58[0x96][0xa9][0xa8][0x91][0xe6][0x14][0x96][0x1a]W[0x93]>[0xc9][0xdb][0xf1][0x93]&N[0xa6][0x96][0xb5][0xa7][0xa6]=>[0x1e]H[0x92][0x10]=[0x86][0xd9][0x86][0x1f][0xb8][0x2][0xb8][0xb0][0xd4][0xa8]m[0x17][0xfb]T[0x8f]o/\[0xcb]v\[0xec][0xd6][0xc]D[0xb6]U[0xfc][0xa7][0xcd]5[0x9e][0xc9](a[0x99][0xb2]H1[0xed][0x9b][0xe1][0xad][0xf4]~H[0xa2][0xf7]s[0x12]G[0x16][0xf][0x99][0x9e][0x9d]/[0xd4] [0x9][0x11][0x96][0xfd][0xa0]C[0x8d][0x8b][0xa3][0xe8]r[0x5][0x89][0xf8][0x85]p[0x1][0x9]0[0xb][0xc9]5 [0xa7]f]B[0x1a]"][0x8a]jQ[0xd0]H[0xfc][0x85][0xbd][0x99][0xd7][0x17][0x97][0xbf][0x9c][0xff][0xdb]P[0xfa]2[0x9b]![0xc0]y5[0x1c][0xe][0xe5][0xb7]2h[0x19][0x8c][\n]"
2020-11-26 16:50:33,489 DEBUG [main] wire:87 -  << "[0xb9]p[0x14][0xfd]Lb[0xf8][0xce][0xa0][0xe0][0xa4][0x8c]PF[0xc4]F[0xef][0xa3][0x8c]\~[0x2]kYa[0xb8][0xd3][0xef]'[0xab][0xf6]7']lMV[0xdf][0xe8][0xc8][0xe8]K^:[0x86][0xc7]mx[0x8f]4 [0xe3]p[0xe][0xe1][0xd7][0xab][0xe9]O[0x9a][0xbb]%a5=p[0x10]E[0xa5]dq[0x10][0x82]N([0x8d][0xed][0x87][0xb2]|*[0x80][\r][0xed]-[0x93][0xb0],[0x9f][0x9e].[0x9d][0xf0]R[0xd0]+[0xb5][0xe6]gJ[0xa8][0x8a]^[0xa5][0xff][0xeb]i[0xb9]"[0x8a][0xa0][0xdb]G[0x1][0xea][0xcb][0xd2][0xb0][0xdf][0x1f][0xb7][0xd5][0xff][\r]r=_[0xd2][0xfd][0xe7]7[0x4]G[0xd1]ui[0xec]USz[0xde][0xd6]t=|s[0x9b]][0xe8]O%[0xf3]XN[0xab][0xc5][0xf8][0xc2][0x85][0x94]FMC[0x6]n[0xb3]o[0x1a]?_[0xfd]r[0xb9]gh[0xb7]2[0xed]q{M[0xe3]?[0xb6][0xa4]][0xdb][0xd3][0xb5][0xba][0x9d][Y,T[0xae][0xe2][0x9b]W[0xf8][0xf9][0xc3][0xfb][0xeb][0xab]_?[0xfc][0xc9][0xab][0xec][0x1a][0x97]V[0x9c][0x99]][0xe][0xca][0xac][0xe8][0xf1][0xb1][0xf4]0[0x9d]om[0x6]b[0xc9][0x12][0xbd][0x8e],[0x8e]Y5[0xe][\r]J[0x8a]xs[0xd1][0x9a][0xfa][0xfe]~#`[0xe6]<T[0xf2]S[0x93][0xb4]#[0x19][0x99]3[0x18][0xbe]q}[0xf5][0x8f]KC)d[0xf][0xd9]c-[0x8c][0xa1]t[0xa8]j85[0xa9]p[0x9d][0xf6][0x19][0xe4]aJ[0x99][0xa5][0xb6][0xd0][0x1f][0x8e][0xc9][0xbb]:zV[0xa1][0x8e]I[0xbf][0xaf][0xf7]y[0xa2][0xcb][0x9f][0x1a][0xd2][\r]Qu[0x9f]R[0xbc];[0xc7][0xfc][0xd7]u[0xf2][0x1b][0xa3])0[0xb1][0xb1][0x14][0x92][0xfd][0x92]e[0xa0][0xbe][0xc6][0xad][0xaf] /[0x17]J[0xe5][0x96][0xd5]P[0xae]2[0xbd][0xe3]j[0xf6]mQ[0x0][0xe4]>[0x9f]Q[0xd3][0x95]Q[0x8d]\eJ[0xa5][0xb0][0xfd]N9[0xb7][0xdb]^[0x9d]S[0xb9][0xfb][0x92][0xd4][0x82][0xcf][0xb4][0xfe][0xe6][0xc][0xa6]Y[0xfd][0xee][0xc6]4[0xc4][0x12][0xc3][0x95]@[0x15][0x10][0x19][0xcc][0x94][0x13]}[0x84][0xd9][0xe5]]j[0x99]7g[0xfb][0xb7]p[0xff][0xbb]o[0xdd][0xfc][0xcf][0xfe]_n[0xb4]M[0xc7]$[0xd9]Y[0x85][0xb]F[0x92][0x99][0xcf]`[0xe6][0xc2][0x1d][0x84][0x96][0xa4]agD[0xb8][0xaf]G[0xcf][0xf4][0xd7][0xcd][0xe8][0xd6][0xcb]O5r[0xd0][0xf7][0xd1][0x8][0xd9]!M8[0x8d][0xc1][0x8d]`[0xb2][0xd4][0x2]V[0x85][0xae][0xe6][0xe3][0x7]u[0xaa][0xef][0xf7][0xe5]|uyz8[0x1c][0xe6]V[0xaf][0xaa][0x9e][0x18][0x84][0xc9][0x8d][0x19]EE"Wnie[0x1][0xb7][0x1][0x8d]sh[0x9b]_[0x86]@[0xb8][0xa8][0xd8][0xa5]A[0x12]C[0x83][0xc8]T[0x8d]5[0x8d][0x8c][0x94][0x6][0x16][0xd2]D[0x90]$[0xeb][0x1b][0xa8][0xa0]$'T,[0xb4][0xbe][0xdb][0xda][0xa3][0x1b][0xfe][0xf9][0xf8][0x98]!V+[0xe5][0x2]W[0xf][0xd5][0x8d][0xac][0xa4]][0x87][0xd7][0xad][0xc8][0xf4][0xc]U[0xd3][0x9a]v[0xdd][0xac][[0x12]uL[0xcc]kE[0x3][0xc7][0xaa][0xe4]l[0xd3]h[0xb][0xdb]A[0x86][0x94]H[0x15]J:[0xb]6[0xe3][0xd7]v[0xdb][0xd3]E`f[0xe9][0xf]Y[0xe9][0xe5]e[0xdf][0xe][0x8e][0xa2]"[0xdb]y[0xcd][0xf4][0xe7]d[0xa5][0x86][0x97]}[0x97][0xd8][0x19][0xb0][0x96]Yt[0xa7][0xc8]S[0x9f]Ni{^y[0xe9]T[0xb][0x1e][0xaf]z[0xb3][0x1d]o[0xed]J[0xc3]K[0xd6][0xaa]e[0xbd][0xe][0x8e]p[0x12][0xfb][0x1]Z[0x15][0xec]Y[0x1b]d[0x9]'q[0xf6]F[0xb6][0x7].[0x16][0x2][0x87]s5zV[0xbb][0xb3][0x10]MP_[0xd2][0xf4][0xe0]F_[0xdf][0xfa][0x89]eo[0x9d][0x82]?[0x83][0x5]]A[0x87][0x8]z[0xa0])E[0x7][0xb4]"H[0x4]UA*w[0x15]A[0xb2]cx!O[0xad][0xe1][0xd7]P[0x87][0x8e]Bb[0xd7][0x99][0xe][0xe9]I[0xc8][0x1e][0xb]u[0xa2][0x3]Gd[0x87][0xb7][0xbd][0xa1]#\[0xb1]I[0xc1]G[0x2][0xee][0xc4][0xc1][0x17][0xbc][0xc2][0x19][0xb2][0xf3][0xf4][0x91][0x3][0xc9]#[0x7]j[0x1d]9[0x84][0xbd][0xad]t[0x12][0xdd][0xbc][0xae]7[0xf]"[0x10][0x8c][0x12][0x11][0xce]I[0x88]g[0xf4]`B[0x9][0x7][0xf7][0xb]7[0x1d]c[0xe7][0xd8][0xd9],[0x9c][0xf8][0xa3][0xb7][0xa3][0xc1][0xc9][0xbe][0xbc]0[0x1d][0x1d][0x85][0x1d][0xe3][0xe6][0xd6]Q[0x1][0xba][0x0]Tn2[0x93][0x89]h[0xd9][0x14]}F[0x94][0x5],Ry[0xb6][0xee][0x16][0xa6][0x1c][0xad][0x8b]s[0xf8]M[0xe2]<'[0x2]I[0x12][0xc0])[0x8d]w[0x8b]Q[0xc3][0xf8]#[0x9a]YA[0xda]j[0xf0][0xa6][0xe4][0xe]b[0xd5][0xa7]M[0xef]>[0xfc][0xc5]GM[0xf6]3[0x86]S[0x98][0xb2]%[0x11][0xee][0x8c]LQy[0xa0]<[0x8f][0xa2][0xdf][0xe4]dkuu[0xe1](2[0x17]X`[0x15];[0xf3]}p[0x9][0xbf][0xd0][0xed]*[0x89]d[0xef][0xef]W[0x6][0xfe][0x89]c[0x12]Y[0xe5]<[0xfb]A[0x8b][0xe2][0xa6]K>[0xb7][0x1e][0xa4]ez[0xe6][0x8a]D@MG}[0x5]d[0x91]2[0xe0][0x9c][0xd0]$ [0x91]'[0xb9]Ft[0x81][0x89][0xba]+[0x8][0xcf]@\\]X[0xb6]#[0x2]Hi8[0xaf][0x8d]\J[0x88]5[0xb4][0x9d][0x8][0xb]\[0x8e][0xc8][0xbb]k[0xfa]I[0xb0][0x8a]8[[0x19]0[0xcb]t&[0x8b]7K[0xad]-k[0xc8][0x15].[0xb2]"[0x9c]LHL[0x84][0xee][0x1a]4[0x9b]t[0xbb][0xf0]d[0xd2]N[0x19]0H"`(/k"
2020-11-26 16:50:33,490 DEBUG [main] wire:73 -  << "[\r][\n]"
2020-11-26 16:50:33,491 DEBUG [main] wire:73 -  << "800[\r][\n]"
2020-11-26 16:50:33,492 DEBUG [main] wire:73 -  << "t[0x85][0xd7][0xa1]>[0xad][0x1b]{?SR[0xd6][0xc6][0x1c][0xda][0xf][0xeb][0xb9][0xb4][0xab][0x16]X[0xee][0xed][0x17][0xff][0x95][0xcc][0x92]_Nk[0xa3][0xf6][0xc3][0x17][0xbf][0x6][0x18]o{[0xca][0x12][0x96]|[0xfe][0x9b][0xb6][0x86]l[0x98][0xa7]1[0x9][0xc1][0x1a]:_[0xec][0xb1]%[0xcb][0x98][0xab][0x5][0x9e][0x81]e[0xdb]*[0x94]T[0x15][0xfb][0xf9][0xe3]/[0x96][0xb2][0x1f][0xbb][0x8f][0xce](#3[0x1f][0xf5][0xad][0xce]'[0xe]:[0x93][0x9d][0x8d][0xbc][0xa1][0xdd]G[0xfb]+[0x1f][0xf5]'[0x82]b[0xeb][0xff]}[0xfa][0xf5][0x83][0xab][0xab][0x1b]2[0xdd]X[0xa5],[0xb6][0xda][0x87][0xc2]J[0xc7]yY[0xf6]p[0x1e]E^n[0x82][0x8e][0xdc][0x1e]O~d[0xb9][0xe3][0xdd][0x81][0xe]e[0xa7][0xde]c[0x1a][0xb5][0x9a][0x14][0xe2][0x17]xPJY*[0x3][0x19]N[0xc4][0x1]f[0x8b]M[0xdb]q[0xce][0x93]HJ[0xab][0xfd][0x7]G[0x9f]b*[0xaa].T[0xb8]Vs[0xc8][0x19][0xe6][0xff][0xd9]cm[0x92][0xd5][0x9a][0xab]$,U[0xfd][0x7][0x88]g[0x7][0xb9]6[0x87][0xbf][0x82]x[0xbf]d[0xc][0x12][0xa1]w[0xc7]*[0xea]q[0xad][0x85][0x86]4;[0xf8]0XA[0xb2][0x4][0x7][0xb8][0x8][0xf2][0xeb][0x9][0x89][0x82]iL)[0xb][0xa6]$[0x8e]![0xaa][0x0]R[0x6]+[0x87][0xb],[0x2]N[0x97],[0x84][0x80]D[0x8e][0xb6]&[0xe5][0x90]{[0x1d][0xee][0xa2]Y[0xda][0x8f][0x8f][0x95][0xb1][0xf3]dS[0x1f][0x96][0x86]+[0xbf][0xb3][0xc]w[0x15]9[0x19][0xbc][0x0][0xd8][0xc5][0xf1][0xa1]pO[0xb9][0xe3]8[\n]"
2020-11-26 16:50:33,493 DEBUG [main] wire:73 -  << "R[0xca][0x89][0xd0][0x91][0xc8]O1[0xe3]p[0x95][0x8][0xab][0xea][0x11][0xd7][0x98][0xcd]@[0x90]d[0x96]/[0xdf][0xc4][0xa9]i[0xeb][0x82][0x9e],[0xd2][0xab][0xa8][0xe6]?[0x12][0xe3][0xea][0xea]"[0x97][0xdb][0xc1][0xd1][0xe7][0x84][0x88][0x1a][0xca][0xb9][0x2][0xe5][0xd4][0xb2][0xf5][0x8f][0xf5]3:E[0xef]eb [0x89]M"[0x94][0x89][0x12][0x93][0x4]d[0x8d]~[0x15][0xf9]CML[0x96][0xf]d[0x5][0x5][0x0][0xee][0xc9]B[0xee][0x9a]/[0xe3]gv[0x9d][0xcb]9.[0xe3]a[0x81][0xe6][0x9b]t[0xf2][0x5]Ba[0xaa][0xcd][0xc9][0xc1]nN7 [0xd1][0x9e][0xef][0x17][0x11][0xd2]~[0xa8]0[0xec]B[0xd6][0x11][0xb1][0x18][0x91][0xf2][0x6][0xb2][0xaa]l[0xd1][0xa9][0xac][0xa4][0x13][[0x86][0x91][0xee][0xd8][0xaa][0xb6]#S[0xf9][0xb7][0xe7](T[0xa6]%[0xe4][0xd4]S[0x94]&[0xfc]T[0x92]Z&Dx[0x9a][0xf3][0xd3][0x9]+s[0x13][0xaf][0xc3]u[0xbc][0xaa][0x1b]UL[0xd3][0xab][0x9b][0xa9][0x1c][0xe2][0xe4][0x1e]<[0x84]Z[0xce][0xe6]=[0xe3]}[0xde][0x93][0xce][0xe8]5|S[0x1d])[0xd9]&[0x8]i[0x4][0xb5][0xd5][0xbc]o[0xd9][0x8e][0xc][0xad]+[0x2][0xeb][0xa6]B~[0xcb][0xe0]W[0x91]e;[0xd2]H%[0x82]6m[0xa7][0xba][0x8f]^[0xb9][0xd1]N[0xc5]N[0xbc][0xd2][0x8e]^[0x90][0xdd][0x1d][0xc2][0x3][0x99][0xa6]<[0xed]GY[0x9c]h[0xe4]*[0xa7]Q[0x3][0xe4][0x1][0xed][0xa7][0xcd][0x95]2[0x9a][0x9f][0x97]q|[0x15]U[0xe2]Z[0x1e][0x94][0xa4][0xdb][0xac]p[0xcc][0xfd][0x2])0y`*[0x9f][0xe9]6B[0x8d]j[0xef][0xef][0xcb][0xb9][0x95][0xe7][0x91][0xcf][0x98][0xa4][0x8e]H*^[0xc8][0x89]7[0xc3][G[0x7][0x18]uwx;[0xfe]o[0xd9][0xec][0x8b]v[0xfa]O[0xda][0xab][0xff]p[0xb9][0x96]w[0x8][0xbf][0xb1]VS[[0x15][0xc7]Y[0x95]u[0x93][0x8d]OI,[0x80][0x95]e[0x85][0x2][0xd7][0x13][0xab][0x9b][0xe9]`k;/[0x99][0xb4][0xd7][0x98]t;.[0xb8][0xba]S[0xca].q8o[0xcc][0xe4]O[0x16][0x92]Y[0xed][0xa6][0xc7][0xe4][0xb9]/[0xa3][0xfc][0xf8][0xa8][0x9b]cv[0xb1]Y[0x94]U[0xb2][0x9e]z[0xb6][0xce][0xec][0xac],[0xb9][0xe0]/[0xa9]-K[0xb][0xc9]zx[0x84][0x9f]/[0xd2][0xa6]U([0xe0][0xfe]~[0x1d]3[0x80]{[0xfc]{[0x13]S[0x1][0x9b][0xed],T[0xb8][0x13][0xca]S[0xc8][0xe7][0x8f][0xbf][0xf4]}[0xb4]/[0xad]L[0x4][0xcb]%[0x89]|[0xd4]Wso[0xcc][0x12]f[0xca]r[0xb7]]x[0xe7][0x4][0xc6][0xdb][0xad]]/[0x8d][0xb][0xfb][0xef][0xc8][0xd5][0x15]g[0x8]d[0x82][0xc]"[0xdf]G[0x85][0xe8][0xa8][0xde]X[0xcd][0xeb][0x1c][0xe9][0xe4][0xea]-[0x99]v%[0xf2][0x1b][0x16][0xf3][0x9c]v%[0xbc][0xb9])M[0xad][0xaa]^[0xb]fEa[0xa0][0xb4]$aM=[0x95][0xfc][0xec]B[0x9c][0xc][0xf5][0xa6][0x1c]S[0xb][0xcd]Z[0x89]r[0xf0][0xef][0xb0]1H[0x81]XT[0x1d][0x87]MK,[0xdf][0xf7]+<[0x9a],[0xb2]Y[0xb7][0xe3]v[0xef][0xb7][0xeb][0xcc]QV[0xdb]^[0xa3][0xa2]w[0xea][0x85][0xb8][0xd7]Q[0x97]K[0x14][0x99]G[0xbc]jR)[0x8f]1[0xce]_![0xab][0xb0][0xbd]f[0xc9][0xed]T[0xdb]c[0xcf]4[0x17][0x18][0x8e][0x81][0xcc][0xe6];[0x1a][0xb][0xe5][0xe8][0xff]aC[0xe0]E[0x8a]w[0x8][0x90][0x8f]}gO[0xa3]8[0xe4]u[0xbf][0x8c][0x87][0x14][0x1a]2[0xba]{\[0xf5][0xc3]_[0x86][0xab][0xdf][0xc5][0x93]nh[0xf8][0xc6][0x3][0xc2]Q[0x10][0xe2]p[0xe]A[0xc]+[0x88][0x91]7t[0x14]H[0x96]7[0x1][0x8e][0xbe],[0xb9][0x90][0xa9]"[0x87][0xc7][0xf8]~[0x13]S[0x1c][0x5]+`*[0xb3][0xe6][0xf0][0xec][0xa9]@@"[0x8e]d[0xf5]%[0x81][0x82][0xe1][0x84]O)[[0xd4]h[0xdf][0x5]9}[0x5][0x98][0x90]([0x2][0x16],@[0xcc]i[0x84][0xbc]Q[0x1])8[0x1c]9($b[0x83]<[0xf4]~[0xe]I[0x82][0x9][0x92][0x5][0xbe]*[0xbf][0x90][0x87][0xae]> [0x7]Ex[0xc3][0x3]N[0x92][0x10][0x82][0x18]s[0x11][0xa8][0xf0][0x82][0xbc][0xc1][0xc8]A[0x11][0xe1]i[0x8c]7u[0xa6]e[0xac][0xf2]FGG'[0xaf][0x8f][0x1d][0x14][0xf1][0x0]G[0xb2]v[0xc]h*[0xd4][0x88][0x9c][\r][0xc9][0xc][0xcf] [\n]"
2020-11-26 16:50:33,494 DEBUG [main] wire:73 -  << "[0x4]Y@Nu[0xe8] [0xb8][0xaf][0xe9]l[0xe4][0xa0])e[0x90]p[0xf2]{[0xc0]C[0xca]@OVK[0x9f][0xe2]PP[0xa6]Y9h[0xca][0xf0][0x2][0xd6][0x94]}[0xcd][0x1]s[0xcc][0x83][0x9][0x8e][0x2]"[0x83][0x9f][0xa2][0x9d]C[0xd6][0x94]I][0xe][0x1d]D[0xf0]$[0x8][0xb1][0x80][0x19]U+F[0xe]"<[0x98]2[0xba][0x8][0x18][0x84]t[0xb1][0x90][0xf9]:[\n]"
2020-11-26 16:50:33,495 DEBUG [main] wire:73 -  << "[0xd4]q[0x1e]y[0xda][0x88]$[0x86][0xf6]g-5e[0xd5][0x11]N[0x84]>[0xf9]+[0xf2]Jcrv[0xa0]^[0x8f]P[0xc][\n]"
2020-11-26 16:50:33,495 DEBUG [main] wire:73 -  << "XV[0xdb]dP[0xd1][0xb2][0x95][0x5][0x96][0xfb][0xa9][0xe5]\H[0xcb]W[0x15][0xb1][0xba][0xa5][0xa9] [0xb]r[0xaf][0xed][0xa2][0xd8][0xcd][0x91][0x83][0x14][0xaf]J[0xe1][0x9e]Y[0x8c][0x2]+~[0xe5]F[0x95]0%[0x3]~3<[0x8a]^[0xbf][0x9][0x7]0<~=8>y{<x5[0x1c][0x8d][0x6]o[0x8e] :[\n]"
2020-11-26 16:50:33,496 DEBUG [main] wire:73 -  << "[0x87][0xaf][0xe1][0xcd][0xf1]TR[0xca]O[0x4][0x1c]b[0x8]3[0xbb][0xd4][0xf4]([0x17]8[0xce]dD'[0xc3][0xe1][0xf0][0xf8]PNX[0x5][0xf2]l!*[0x9c][0x19][0xf0][0x94]&[0x1c][0xf4][0xd6][0xcb]4[0x8c][0xbc]7o[0x8e][0x1c][0xc4][0x81][0xad][0x80])qFG[0xee][0xe8][0xf0][0xc4][0x1d][0x1d][0xbd]q[0xf]G'[0xde][0x9b][0xc3][0xe3]7[0xc8]A[0xea][0x95][0x18][0xe4][0xa1]ki[0x99]|9[0x9]v[0xac]7[0xab]+[0x91]7:[0x19][0x9e][0x1c][0xbd][0x1d][0x1e][0x8e][0x86][0xe][0xca]K[0xbe]\`[0xcd]=Q[V1[0xc0]%[0x8b][0x91][0x87][0xe6]B[0xa4][0xde][0xc1]A[0xb4]\,6.[0x3].pJ[0xe0][0xe]/[0xd2][0x18][0xdc][0x90].[0xe]pJ[0xe]V[0xa3][0x3][0xdd]j?H[0x96]q[0x8c][0x1c][0xb4][0xe4][0xc0]r[0xea][0xd2][0xc6]*k^S[0xc6]Ea|[0xc5].o[0xc7]Y[0xc8][0x90][0x19][0xc4][0xf0][\r][0xf5]X.[0x8f]"BE[0x91][0xe][0x87]z[0x89][0xf5][0x17][0x16][0x16]i[0x95][0x1d][0xe][0xf][0x87][0x83][0xd1]hpx[0x82]*[0x83][0xdf][0xb2][0xf5]M[0xfd][0xfd][0x1]E[0x95]5[\n]"
2020-11-26 16:50:33,497 DEBUG [main] wire:87 -  << "[0xf2][0xd0][0xe4][0xd5][0xab][0xe8][0xed][0xc9]t48y[0x1d]N[0x7][0xc7][0xa3][0x93][0xe3][0xc1][0xeb]W[0xe1][0xdb][0x1][0xe][0xdf]L[0x8e][0xc3][0xc9][0xe4][0xed][0xc9][0xf1][0x8]m[0xbf][0xa5]'[0xd7]n[0xbf]u[0xf7][0xea][0xba]C[0xfb]iW^[0x9a][0xe0]d[0x6],OD[0xd5][0xe]]1rVd[0xa1][0xc9][0xca]{[0xb8][0xbf][0xf2][0x8f]^[0xed][0xcb][0xc3][0xca]')[0x8a]O[0xa7]S3[0xcf]@[0xad][0xc4]T[0xc9]O/NL[0x9d][0x19][0xa8][0xda]]$S[0xb][0xe5][0xb7]H[0xd6][0xb7][0xb5][0xfa][0xf3][0xfd][0x92][0xb][0xba]P[0xcf][0x8e][0xb2][0xf3][0xc8][0xde]h[0xdc][0x1e]+[0x9f][0x15][0x85][0xe][0xb6][0x1f][0xb0][0x8f][0x1f][0x1f][0x1f]&[0xcb][0xc9]$[0x6][0xee][0xed][0x8d][0x9c][0x10]'![0xc4]x[0x12][0x83][0xbc][0x8b]@`[0x12][0xab][0xa7][0xcb][0xda][0xb4]'[0xad]'K[0xfa]aU[0x85][0x3][0xb2][0xc7][0x13][0x97]$DT`[0x92][0x99][0x9b]qq[0xb0][2q[0xb0][0xab]y[0x14][0xcf][0xdb]'[0xdb][0x17][0xb4]l[0x9f][0xd4][0xd9][0x8b][0xea][0x90]e[0xcc]w[0xd6]![0xd9]X[0xbd][0xe]y[0xf5][0xed]u[0x88][0x91][0xfd]+.[0xf4][0x8f][0x7][0xd4][0xfb]RH[0xfa]kJ[0x99]@FH[0x13]!w[0x6][0xad]I$[0xe6]~[0x4]+[0x12][0xc2]@[0xdd]8[0xf9][0x13][0xdd][0x1][0xf]q[0xc][0xfe][0x8][0x9d][0xf6]Jj[0x82][0x88][0x18]N[0xaf])5[0xfe][0x81][0x93][0x8d][0xf1][0x11]~_[0x2][0x17][0xfc][0xdd][0x81][0x1e][0xa8]`[0xee][\r][0x6][0xc6][0xcf]4[0x11][0xdc][0x18][0xc]J[0xb9][0xde][0xc5]$[0xf9]j0[0x88]}[0x14]%|[0x90]2[0x98][0x82][0x8][0xe7]H[0xbf][0xc5][0x80][0xe][0xe][0xa6]r[0x8a];[0x93]a[0x9a][0x84][0xd2][0xfd]Qs[0xb2][0xc6][0x94]A[0x83]{[0x5]>[0xa5][0xb3][0x18]pJ[0xb8][0x8a][0x18]![0xe7]gS[0xbc] [0xf1][0xc6][0xff][0xb0]L[0x88][0xa0]H[0xb3][0xe4]b[0x13][0x3][0x9f][0x3][0x8][0xd4][0x14][0xf5][0x93][0x1a][0xaa][0xcb][0xaa][0xd0][0xcb]{[0xf9]o.[0x16][0xb1]cLh[0xb4]1[0x1e]j[0x3][0xf2][0xdf][0x4][0x87]_g[0x8c].[0x93]h[0x10][0xd2][0x98]2[0xcf][0xf8][0xcb]t:[0x1d][0xb7][0xf0][0xf2][0xc1][0x93][0xa3][0x93][0xc9]I[0xc7][0xb8]\[0xd3]@[0xcb][0xef][0x19][0xa6]^[0x81][0xe9][0x18][0x1c]'|[0xc0][0x81][0x91]]S[0xd6][0xb2][0x98][0x16][0x9e]1[0x1a][0xe][0xdb][0x18][0xf3]rp5o[0xf]/0[0x9b][0x91][0xc4]3[0x1a]3[0xb7][0xbd][0xda][0xad];"
2020-11-26 16:50:33,498 DEBUG [main] wire:73 -  << "[\r][\n]"
2020-11-26 16:50:33,499 DEBUG [main] wire:73 -  << "695[\r][\n]"
2020-11-26 16:50:33,500 DEBUG [main] wire:73 -  << "][0xc6][0xf1]@[0x93][0xea]P[0xc0][0x13]<Z[0x84]b[0xb8][0x1b][0x84][0x90][0x8]`[0x1d][0x84]pLf[0xc9]@?[0xc1]74V[[0xe4][0xac]x[0xf4][0xc]I[0xab]=,[0xab]c2[0xdd][0xc]2[[0xef][0xa6][0xd3][0x14]+[0xaf][0x2][0x6][0xc][0xa6][0x1d]r[0x15][0x9d]MiO[0xaa][0xd9][0xf7]49Y[0xca]t[0x19][\n]"
2020-11-26 16:50:33,501 DEBUG [main] wire:73 -  << "e[0x11][0xb0][0x1][0xd3][0xda]:L[0xef][0xc]Nc[0x12][0xed][0xd8]V[0xd5]35[0xe]O[0xd2][0x8e]E[0xa6]8[0x8a]H2[0xf3][0x8c][0xa1]1z[0x95][0xde]e_m<[0x99][0xa1][0x6]J[0xab]/[0xd3][0xc3][0x2]8[0xc7][0xb3].[0xd9]+"[0x8d][0xde]|[0x1f][0xab][0xfc][0xea][0xdd]A[0xc5][0xc3][0xbe]=S[0xed]J[0xbe]Y[0x6][0xd2]1![0xc0][0x9][0x8e]7[0x82][0x84]<X[0xe2]0[0x94][0x5][0x11][0xfa]|>[0x18][0x1d][0x8d]F[0x87]o_[0xbf]~=[0x18][0x1d][0xa3]?[0x92].w[0x9][0xa1][0xda][0x17][0xc1]L[0x9d][0xe3][0xd4][0xd7][0xe3][0xa3]qs;[0xee][0xc9]k[0xdd][0x8][0xad][0xa4][0xd9][0xde][0xf][0xc1][0xc][0xb]7[0xd0][0xf9][0xed][0x9a][0xe1][0xf0]+0[0xcb]l[0xc8])[0x13][0x7][0x98][0xf6][0xb8][0xb7][0xb5][0xbf][0x99][0xce][0xd1][0x9b][0xa3][0xa3][0xb7][0xc3][0xe1][0xab][0x81]<[0xdb][0x9a][0xd3]6[0x95][0x1b][0x13][0xdc][0x80][0x83][0xb8]P[0xb5][0xe2][0x7][0xbc][0x0][0x89][0xd8][0xae][0xc6][0xcc][0xdb][0xc6][0xb4][0xe9][0xf7]M[0xd3][0xdc]t[0xbe][0xfe]'f[0xa6]3r[0xcc][0xbc]<4[0x1d]3]NtU[0x9d]P[0x1c]q[0xd3]9zv[0xfe][0xa1]c[\n]"
2020-11-26 16:50:33,503 DEBUG [main] wire:73 -  << "[0xd3]1G[0xc7][0xaf]_[0x82]}[0xe4][0x98][0x8c]D[0xa6]c[0xe]M[0xe7][0xf0]Y[0xec]c[0xc7][0x9c]0l:[0xe6][0x82]F[0xa3][0x9d][0xe4][0xcf][0xe3][0x98][0xae][0xcf][0x93]pN[0x99][0xa9][0x9e]_v[0xa3]}"B[0xd7]s[0x9f][0x94]v>[0xaa][0x5][0x1b][0xa3]a[0xb7]b[0xbf]_C[0xad][0xf9][0x87][0x8e][0xa9]O[0x2][0xa6][0xd3][0xb5]C[0xbb](t[0xcb]{[0xd8][0x92][0x17][0xdc]@H[0x8b][0xcb][0x9b][0xeb]][0x96][0xd2]F[0xe8][0xf5]*[0x6],[0xc3][0x8d][0xf4][0x9b][0x19]6|[0xe3][0xd9][0xdf][0x88][0x18]3[0xac]^[0x1f]2|[0xc3]l[0xf8][0x9f][0xa9][0x6][0x95][0xa3][0x1a][0xbe]~[0x9f][0xb2]'![0x9c][0xc9]{[0xcb][0xd4][0xd5][0x83]i[0xf8][0x15]6[0xc5][0xbb][0x93])[0xa3][0x82][0x86]46[0xce][0xc]3/38[0x8f]M[0xc3][0xd3][0xf7][0xde][0xc1][0xc1]z[0xbd]6m[0xa3]o[0x98]Y[0x94][0x19][0x14]QF[0xd5][0x1f]3U[0xe7][0x8d][0xf5]bxu-[0xdd][0xbf][0xa0][0xc8][0x97]t3[0xbc][0x1d][0x1b][0xea]GS[0x90][0x88][0xf]4[0x2][0x97]$[0x1c][0x98][0xf8][0x9][0xa6][0x94][0x81]5[0xc3][0x8e][0xc1][0x95][0xe7]Z[0xf6][0xb8][0xd7][0xe]Z;B[0x91]nS[0xd2]%Q[0xef][0x9a][0x8e]*[0xe1][0xee][0xdd][0x4]s[0xa8][0x14]T[0xdf]x[\n]"
2020-11-26 16:50:33,504 DEBUG [main] wire:73 -  << ";[0xad]1n[0xed][0x81][0x8e][0x81]pO[0xaf]3[0xab][0x95][0x1b][0xd5]0[0xdb]q[0xaf][0xfa][0x0]W[0xcb][0xe8][0x1b][0x95][0x86][0xb6][0xdd][0xd3])[0xa8][0xb6][0x8]3[0xa1][0x9][0x98][0xe3][0xde]6[0xe7][0xf0]3e[0xb]}[0x9a][0x95][0xa3]#s[0x9c][0xf][0x4][0x90]i;[0x10]4P[0xaf]e[0x1b][0xbe]~K[0xb9][0xa6]B][0x2]^[0x9f][0xbc]6.[0xff][0xff][0xdf].[0xcf]/T![0xf8]|So[0xc7][0x9a]9[\r][0x3][0x9c][0xa6][0x81][0x16]v[0x98][0x89][0x13][0xa9][}[0x2][0xcf][0x5][0xd4][0xe])[0xb1]:<[0xb2]X[0x5][0x9]?[0x1]f[0xe1]\[0x1e]_$[0x89][0xda][0xe6][0xef][\r][0x6][0xf]_~_[0x2][0xdb]l[0x95][0xd0]r)[0x97][0x1f].[0x9e]][0xc8][0xf7][0x9f]w[[0xab]6T[0x1e][0xf7][0xcd][0xbc]"S[0xdb]s[0xda][0xeb]:[0x15]I[0xd8]4[0x80]{[0xca][0x97]d[0x6][0x9]0[0xa2][0xf]D[0x7]3W-[0xd4]M@[0x1c][0xd4][0x86][0xf5][0x91][0xe9][0xe9]Sov[0xe][0xea][0xe5][0xbf]d[0xae]3[0xb8]\[0xc9][0xb4]_[\r]3FauV[\r][0xd3]6[0xf6][0xea][0xd6][0xf7][0xa0][0xd6]0![0xc2]-[[0xe8]V[0xf6][0x98][0xa4][0xda][0xfe]2o[0x1d][0xe3]F=([0x91][0x13].[0xa8]P[0xf]>[0xcc]eBV[0xc0]8[0x8e][0x83][0xac][0xb1]c:F[0x9d][0xa1]}k[0x8f][0x8d][0xed]v[0xdc]T[0xd6]2[0x9][0xb5][0xb2]ZK[0x91][0xea][0xda]5[0xa0]~xY[0x9c][0x19][0xbb][0x95][0xfd][0xec][0xb][0x80]O[0xbd][0xa4]x[0xdb][0xa9][0xf9][0xf6]A[0xf4][0xbf]cq/4[0xb8][0xf0][0x19][0x8b][0xb][0xe5]I<[0xa1]3H[0xd4][0xa3][0x80][0xcc][0xf4]Z[0xef]%[0xe6][0xaf][0x8a][0xa2][0xa7][0x8d][0xf2][0x99][0xe2][0xf2]{[0x94]rZ[0xf9][0xa9][0x89]J[0x8e]r}q[0x1a][[0xe9][0xea][0xea][0xc2]1[0xd8][0xca]6[0xca][0xa8][0xa9][0x9a][0x82][0xb0]6.[0xb0][0x0][0x19][0xf4]$<r[0xb3][0xdf][0xd6]Y[0x91]zGG^[0xc9]|f[0x1d][0x9d][0xbc][0xfa][0xf1][0xf0][0xf8][0xc7][0x93][0xa1][0xfc]4[0x1c][0xe][0xed]l[0x86][0x8a]Dw)a [0xf3][0x19][0xca].}[0xd4][0x8f]\A?_[0xbf][0xff][0xa4][0x9e]n[0xe6][0xf4][0xb3][0xbf][0x3] [0xb9][0xfc][0xb4]y[0x8f][0x85][0x85][0xe0]~y[0x17][0xc4]i[0x1c][0xe8][0xf8][0xe7]#[0xa3]_[0x91][0xaa]&[0x4]z[0x94][0x83]r)[0xc5][\r][[0xc9][0xcb][0xb1]![0xaf]3[0xd6][0x8e]q$Sa[0xe5][0xa7]E[0xea][0x95][0xea]][0x9a] S[0xc3]*[0xb2]p[0xf9][0x13]K[0xc3][0xf7]}[0x3][0xe5][0xaf][0xc2]#[0xbb]r[0xe0][0xd9][0xa1]Y[0xbd][0xc0]mF[0xd4][0xca][0xcd]X[0xbe][0xcf]][0xa5][0xd1][0x1e][0xb5][0x90][0xfe][0xfd]'r[0xea][0xc][0x1c][0xa3][0xc9][0xc1]Po[0xe3][0x97][0xb4]Jf[0x9a][0x82][0xdd]8[0x9c][0xa9]w[0xa7][0x96][0x8c][0xe9]Q[0xc3]7j[0xd8][0xe3][0x16]n[0x2][0xeb][0x2][0xb5]|[0x9b]{%[0x9a]t[0x95].[\n]"
2020-11-26 16:50:33,505 DEBUG [main] wire:73 -  << "[0xba][\n]"
2020-11-26 16:50:33,506 DEBUG [main] wire:87 -  << "[0xa3][0xa3][0xa5][0xf1][0x94][0xb2][0x8a][0x93]_[0xfd][0xb6]&[0x9f]6[0xd2][0xa6][0xac]-%t[0xcd][0xab][0xf1]v'$[0x89][0xf4][0xf][0xd0][0x9b][0x1a]-[0xf7]m[0xdb][0xdb][0xf6][0xba][0x2].[0xaa][0xd9][0x10]r[0x8c][0x16][0xe0][0xe6][0x85][0xad]n#+[0x13]n+[0xd1]x[0xe7]k[0xe8][0xcf]$[0xb5]2[0xa8][0x1e][0xa8][0xbf][0x7][0xa2][0xff]4[0xc8][0x84]F[0x9b]J[0xaf]*"+#[0x8c]1[0xe7]>[0xaa][0xb6]Vj[0xfd][0x8c]J[0xf3][0x6][0xd5][0xdb]Z[0xd5][0xe9][0xea][0xf1][0xcb]ik[0x87][0x8f][0xf][0xdf][0xd6]f[0x1c]Ddu[0xda][0xdb]I%k [0xa0],P[0xa3][0xa2]Q1[0x1a][0xa6]w[0xe3][0xe][0xfa][0xad][0x9e]b[0x7][0xb7][0x8e][0xdb][0xa7]k[0xdf][0xae]416[0x8b]?x[0x12]Dd![0xc3]Y[0xfd][0x8][0xf2][0xc3][0xf][0xfa]g[0xfe][0xe2]=[0xa5]_[0x9]T[0xdd]C5R[0x9d][0xbc]}[0xea][0xe8]X[0xb4]1[0xf4][0xac][0x1f][0xb2]vryp[0xc9][0xe7][0xeb][0xdf][0xca][0xf8]f?[0x9b][0xd8][0xb7],=[0xd3]>3[0xc7]y(5[0xfb]V[0x11][0x10][0xff][0x81][0xc5][0xdc]U[0xaf][0xbb]Y]A[0xb2][0xaf]gg[0x1][0xba][0x1e][0x80]m[0xcf]4[0xed][0xbe]9V[0x88][0xe0][0xc0][0x1c][0xf7]~[0xf8]a;[0xce][0xd6]4[0x9d][0xea][0x12]4[0xbf][0xa7][0xf3]2L[0xc8]l[0x4][0x89][0xab][0xcd][0xa3]@X[0xb7][0x10]T[0x93]8[0x1f][0x97][0xf3]5Q[0xdf]7F[0xc6][0x99][0xa4][0xe8][0x19][0x16][0x9d][0x1b][0xa7][0x6]][0xdb]9[0x80][0xae][0xf3][0x9][0xeb][0xd6][0x84]us[0x82][0x4][0xd0][0x82][0xc3][0xb2]"[0xa2][0xac]S[0xd8][0xdf]t[0xf3][0xf1][0xf1][0xb1][0xd4]s~[0x91][0x9d][0xac][0xdc]0&[0x90][0x88][0xe][0xc4][0xee][0xd3][0x97][0xf4]$[0xfd][0xfb][0xf5][0xea][0xc4]B[0x80]uC[0x80]I[0x5][0xbc][0x80][0x1b][0xef]e[0xec][0xff][0x95]+[0xb8][0xb0]@[0xcb][0x84]{y[0xc4]7 [0x91][0xce][0xf9][0xf9][0xe3][0xd5]{[0xba]Hi[0xa2][0x8e][0xc3]R[0x9b][0xbe][0xd9][0x97]_}[0xd3]Y[0xfb]f[0xdd]7[0x9d][0xb9]o[0xf6][0xe7][0xb6]cXG[0xa3]WG'p[0xf4][0xe3]k[0x99][0xc8][0x1b]4[0xe9]|[0xbd][0x83][0xa8]$[0xb3][0xcc][0xe9],;[0x8]u?0yy[0xad]66[\r]U[0xd1]t[0x1f][0x12] Z[0xd0]D[0xc8][0xa3][0xf8]<[0xed]z\R[0x8c][0xaf]a[0x92][0x9e]a[0x1f][0xef][0x17][0x8f]M[0xf8]<[0x9c][0xf8]G[0xc7]e[0xd9][0xf6]\[0xb9][0xfb]L[0xf0][0xed][0x12][0xef][0xb][0xc4][0xf1]fJ[0xf8][0xbc][0x90][0xaf][0xfa]4[0xaf][0x1c]}J[0xba]][0xcf]uv[0xc5][0xfe]^[0xef][0x19]%w[0xd6][0x89][0x95][0xd4][0xa1][0xf3][0xc5][0xbb][0x3][0xfd][0xe7][0xa6][0xfe]7[0x0][0x0][0xff][0xff][0xff][0xa8][0xca][0x13]J[0x0][0x0]"
2020-11-26 16:50:33,507 DEBUG [main] wire:73 -  << "[\r][\n]"
2020-11-26 16:50:33,508 DEBUG [main] wire:73 -  << "0[\r][\n]"
2020-11-26 16:50:33,509 DEBUG [main] wire:73 -  << "[\r][\n]"
2020-11-26 16:50:33,510 DEBUG [main] RequestSpecificationImpl$RestAssuredHttpBuilder:548 - Parsed data to instance of: class org.apache.http.conn.EofSensorInputStream
2020-11-26 16:50:33,519 DEBUG [main] BasicClientConnectionManager:200 - Releasing connection org.apache.http.impl.conn.ManagedClientConnectionImpl@1450131a
2020-11-26 16:50:33,520 DEBUG [main] BasicClientConnectionManager:225 - Connection can be kept alive indefinitely
2020-11-26 16:50:33,754 DEBUG [main] cache:45 - Couldn't find template in cache for "v3html/v3-html-index.ftl"("en", UTF-8, parsed); will try to load it.
2020-11-26 16:50:33,759 DEBUG [main] cache:45 - TemplateLoader.findTemplateSource("v3html/v3-html-index_en.ftl"): Not found
2020-11-26 16:50:33,767 DEBUG [main] cache:45 - TemplateLoader.findTemplateSource("v3html/v3-html-index.ftl"): Found
2020-11-26 16:50:33,768 DEBUG [main] cache:45 - Loading template for "v3html/v3-html-index.ftl"("en", UTF-8, parsed) from "jar:file:/C:/Users/Kavitha%20B/.m2/repository/com/aventstack/extentreports/4.0.9/extentreports-4.0.9.jar!/com/aventstack/extentreports/view/v3html/v3-html-index.ftl"
2020-11-26 16:50:34,497 DEBUG [main] cache:45 - Couldn't find template in cache for "v3html/v3-html-head.ftl"("en", UTF-8, parsed); will try to load it.
2020-11-26 16:50:34,502 DEBUG [main] cache:45 - TemplateLoader.findTemplateSource("v3html/v3-html-head_en.ftl"): Not found
2020-11-26 16:50:34,508 DEBUG [main] cache:45 - TemplateLoader.findTemplateSource("v3html/v3-html-head.ftl"): Found
2020-11-26 16:50:34,509 DEBUG [main] cache:45 - Loading template for "v3html/v3-html-head.ftl"("en", UTF-8, parsed) from "jar:file:/C:/Users/Kavitha%20B/.m2/repository/com/aventstack/extentreports/4.0.9/extentreports-4.0.9.jar!/com/aventstack/extentreports/view/v3html/v3-html-head.ftl"
2020-11-26 16:50:34,524 DEBUG [main] cache:45 - Couldn't find template in cache for "v3html/v3-html-nav.ftl"("en", UTF-8, parsed); will try to load it.
2020-11-26 16:50:34,529 DEBUG [main] cache:45 - TemplateLoader.findTemplateSource("v3html/v3-html-nav_en.ftl"): Not found
2020-11-26 16:50:34,532 DEBUG [main] cache:45 - TemplateLoader.findTemplateSource("v3html/v3-html-nav.ftl"): Found
2020-11-26 16:50:34,533 DEBUG [main] cache:45 - Loading template for "v3html/v3-html-nav.ftl"("en", UTF-8, parsed) from "jar:file:/C:/Users/Kavitha%20B/.m2/repository/com/aventstack/extentreports/4.0.9/extentreports-4.0.9.jar!/com/aventstack/extentreports/view/v3html/v3-html-nav.ftl"
2020-11-26 16:50:34,581 DEBUG [main] cache:45 - Couldn't find template in cache for "v3html/test-view/v3-html-test-view.ftl"("en", UTF-8, parsed); will try to load it.
2020-11-26 16:50:34,583 DEBUG [main] cache:45 - TemplateLoader.findTemplateSource("v3html/test-view/v3-html-test-view_en.ftl"): Not found
2020-11-26 16:50:34,585 DEBUG [main] cache:45 - TemplateLoader.findTemplateSource("v3html/test-view/v3-html-test-view.ftl"): Found
2020-11-26 16:50:34,586 DEBUG [main] cache:45 - Loading template for "v3html/test-view/v3-html-test-view.ftl"("en", UTF-8, parsed) from "jar:file:/C:/Users/Kavitha%20B/.m2/repository/com/aventstack/extentreports/4.0.9/extentreports-4.0.9.jar!/com/aventstack/extentreports/view/v3html/test-view/v3-html-test-view.ftl"
2020-11-26 16:50:34,652 DEBUG [main] cache:45 - Couldn't find template in cache for "v3html/test-view/v3-html-test-view-charts.ftl"("en", UTF-8, parsed); will try to load it.
2020-11-26 16:50:34,666 DEBUG [main] cache:45 - TemplateLoader.findTemplateSource("v3html/test-view/v3-html-test-view-charts_en.ftl"): Not found
2020-11-26 16:50:34,671 DEBUG [main] cache:45 - TemplateLoader.findTemplateSource("v3html/test-view/v3-html-test-view-charts.ftl"): Found
2020-11-26 16:50:34,672 DEBUG [main] cache:45 - Loading template for "v3html/test-view/v3-html-test-view-charts.ftl"("en", UTF-8, parsed) from "jar:file:/C:/Users/Kavitha%20B/.m2/repository/com/aventstack/extentreports/4.0.9/extentreports-4.0.9.jar!/com/aventstack/extentreports/view/v3html/test-view/v3-html-test-view-charts.ftl"
2020-11-26 16:50:34,730 DEBUG [main] cache:45 - Couldn't find template in cache for "v3html/test-view/v3-html-standard.ftl"("en", UTF-8, parsed); will try to load it.
2020-11-26 16:50:34,732 DEBUG [main] cache:45 - TemplateLoader.findTemplateSource("v3html/test-view/v3-html-standard_en.ftl"): Not found
2020-11-26 16:50:34,735 DEBUG [main] cache:45 - TemplateLoader.findTemplateSource("v3html/test-view/v3-html-standard.ftl"): Found
2020-11-26 16:50:34,736 DEBUG [main] cache:45 - Loading template for "v3html/test-view/v3-html-standard.ftl"("en", UTF-8, parsed) from "jar:file:/C:/Users/Kavitha%20B/.m2/repository/com/aventstack/extentreports/4.0.9/extentreports-4.0.9.jar!/com/aventstack/extentreports/view/v3html/test-view/v3-html-standard.ftl"
2020-11-26 16:50:34,787 DEBUG [main] cache:45 - "v3html/test-view/v3-html-standard.ftl"("en", UTF-8, parsed) cached copy not yet stale; using cached.
2020-11-26 16:50:34,802 DEBUG [main] cache:45 - "v3html/test-view/v3-html-standard.ftl"("en", UTF-8, parsed) cached copy not yet stale; using cached.
2020-11-26 16:50:34,808 DEBUG [main] cache:45 - "v3html/test-view/v3-html-standard.ftl"("en", UTF-8, parsed) cached copy not yet stale; using cached.
2020-11-26 16:50:34,820 DEBUG [main] cache:45 - "v3html/test-view/v3-html-standard.ftl"("en", UTF-8, parsed) cached copy not yet stale; using cached.
2020-11-26 16:50:34,827 DEBUG [main] cache:45 - "v3html/test-view/v3-html-standard.ftl"("en", UTF-8, parsed) cached copy not yet stale; using cached.
2020-11-26 16:50:34,832 DEBUG [main] cache:45 - "v3html/test-view/v3-html-standard.ftl"("en", UTF-8, parsed) cached copy not yet stale; using cached.
2020-11-26 16:50:34,837 DEBUG [main] cache:45 - "v3html/test-view/v3-html-standard.ftl"("en", UTF-8, parsed) cached copy not yet stale; using cached.
2020-11-26 16:50:34,847 DEBUG [main] cache:45 - "v3html/test-view/v3-html-standard.ftl"("en", UTF-8, parsed) cached copy not yet stale; using cached.
2020-11-26 16:50:34,856 DEBUG [main] cache:45 - "v3html/test-view/v3-html-standard.ftl"("en", UTF-8, parsed) cached copy not yet stale; using cached.
2020-11-26 16:50:34,861 DEBUG [main] cache:45 - Couldn't find template in cache for "v3html/category-view/v3-html-category-view.ftl"("en", UTF-8, parsed); will try to load it.
2020-11-26 16:50:34,864 DEBUG [main] cache:45 - TemplateLoader.findTemplateSource("v3html/category-view/v3-html-category-view_en.ftl"): Not found
2020-11-26 16:50:34,869 DEBUG [main] cache:45 - TemplateLoader.findTemplateSource("v3html/category-view/v3-html-category-view.ftl"): Found
2020-11-26 16:50:34,869 DEBUG [main] cache:45 - Loading template for "v3html/category-view/v3-html-category-view.ftl"("en", UTF-8, parsed) from "jar:file:/C:/Users/Kavitha%20B/.m2/repository/com/aventstack/extentreports/4.0.9/extentreports-4.0.9.jar!/com/aventstack/extentreports/view/v3html/category-view/v3-html-category-view.ftl"
2020-11-26 16:50:34,891 DEBUG [main] cache:45 - Couldn't find template in cache for "v3html/exception-view/v3-html-exception-view.ftl"("en", UTF-8, parsed); will try to load it.
2020-11-26 16:50:34,894 DEBUG [main] cache:45 - TemplateLoader.findTemplateSource("v3html/exception-view/v3-html-exception-view_en.ftl"): Not found
2020-11-26 16:50:34,896 DEBUG [main] cache:45 - TemplateLoader.findTemplateSource("v3html/exception-view/v3-html-exception-view.ftl"): Found
2020-11-26 16:50:34,897 DEBUG [main] cache:45 - Loading template for "v3html/exception-view/v3-html-exception-view.ftl"("en", UTF-8, parsed) from "jar:file:/C:/Users/Kavitha%20B/.m2/repository/com/aventstack/extentreports/4.0.9/extentreports-4.0.9.jar!/com/aventstack/extentreports/view/v3html/exception-view/v3-html-exception-view.ftl"
2020-11-26 16:50:34,910 DEBUG [main] cache:45 - Couldn't find template in cache for "v3html/author-view/v3-html-author-view.ftl"("en", UTF-8, parsed); will try to load it.
2020-11-26 16:50:34,913 DEBUG [main] cache:45 - TemplateLoader.findTemplateSource("v3html/author-view/v3-html-author-view_en.ftl"): Not found
2020-11-26 16:50:34,917 DEBUG [main] cache:45 - TemplateLoader.findTemplateSource("v3html/author-view/v3-html-author-view.ftl"): Found
2020-11-26 16:50:34,918 DEBUG [main] cache:45 - Loading template for "v3html/author-view/v3-html-author-view.ftl"("en", UTF-8, parsed) from "jar:file:/C:/Users/Kavitha%20B/.m2/repository/com/aventstack/extentreports/4.0.9/extentreports-4.0.9.jar!/com/aventstack/extentreports/view/v3html/author-view/v3-html-author-view.ftl"
2020-11-26 16:50:34,931 DEBUG [main] cache:45 - Couldn't find template in cache for "v3html/dashboard-view/v3-html-dashboard-view.ftl"("en", UTF-8, parsed); will try to load it.
2020-11-26 16:50:34,937 DEBUG [main] cache:45 - TemplateLoader.findTemplateSource("v3html/dashboard-view/v3-html-dashboard-view_en.ftl"): Not found
2020-11-26 16:50:34,941 DEBUG [main] cache:45 - TemplateLoader.findTemplateSource("v3html/dashboard-view/v3-html-dashboard-view.ftl"): Found
2020-11-26 16:50:34,942 DEBUG [main] cache:45 - Loading template for "v3html/dashboard-view/v3-html-dashboard-view.ftl"("en", UTF-8, parsed) from "jar:file:/C:/Users/Kavitha%20B/.m2/repository/com/aventstack/extentreports/4.0.9/extentreports-4.0.9.jar!/com/aventstack/extentreports/view/v3html/dashboard-view/v3-html-dashboard-view.ftl"
2020-11-26 16:50:34,978 DEBUG [main] cache:45 - Couldn't find template in cache for "v3html/logs-view/v3-html-testrunner-logs-view.ftl"("en", UTF-8, parsed); will try to load it.
2020-11-26 16:50:34,981 DEBUG [main] cache:45 - TemplateLoader.findTemplateSource("v3html/logs-view/v3-html-testrunner-logs-view_en.ftl"): Not found
2020-11-26 16:50:34,984 DEBUG [main] cache:45 - TemplateLoader.findTemplateSource("v3html/logs-view/v3-html-testrunner-logs-view.ftl"): Found
2020-11-26 16:50:34,985 DEBUG [main] cache:45 - Loading template for "v3html/logs-view/v3-html-testrunner-logs-view.ftl"("en", UTF-8, parsed) from "jar:file:/C:/Users/Kavitha%20B/.m2/repository/com/aventstack/extentreports/4.0.9/extentreports-4.0.9.jar!/com/aventstack/extentreports/view/v3html/logs-view/v3-html-testrunner-logs-view.ftl"
